Arguments: 
  /usr/local/bin/node /usr/local/Cellar/yarn/1.9.4/libexec/bin/yarn.js install

PATH: 
  /usr/local/bin:/usr/bin:/bin:/usr/sbin:/sbin

Yarn version: 
  1.9.4

Node version: 
  8.11.1

Platform: 
  darwin x64

Trace: 
  Error: https://registry.yarnpkg.com/react: ETIMEDOUT
      at Timeout._onTimeout (/usr/local/Cellar/yarn/1.9.4/libexec/lib/cli.js:138128:19)
      at ontimeout (timers.js:482:11)
      at tryOnTimeout (timers.js:317:5)
      at Timer.listOnTimeout (timers.js:277:5)

npm manifest: 
  {
    "name": "login-form-w-faac",
    "version": "1.0.0",
    "description": "Doesn't work yet ...",
    "keywords": [],
    "main": "src/index.js",
    "dependencies": {
      "react": "16.4.2",
      "react-dom": "16.4.2",
      "react-scripts": "1.1.4",
      "styled-components": "3.4.5",
      "stylis": "3.5.3"
    },
    "devDependencies": {},
    "scripts": {
      "start": "react-scripts start",
      "build": "react-scripts build",
      "test": "react-scripts test --env=jsdom",
      "eject": "react-scripts eject"
    }
  }

yarn manifest: 
  No manifest

Lockfile: 
  No lockfile
